Drill report for /home/wbd/work/iorodeo/products/panels_arenas/arena_12_20/panels_ring_12_20.brd
Created on Wed 29 Dec 2010 03:10:26 PM PST
Selected Drill Unit: Imperial (")

Drill report for through holes :
T1  0.025"  0.64mm  (3 holes)
T2  0.039"  0.99mm  (10 holes)
T3  0.040"  1.02mm  (109 holes)
T4  0.043"  1.09mm  (2 holes)
T5  0.051"  1.30mm  (7 holes)
T6  0.073"  1.85mm  (5 holes)
T7  0.130"  3.30mm  (2 holes)
T8  0.200"  5.08mm  (11 holes)
T9  0.266"  6.76mm  (2 holes)

total holes count 151


Drill report for buried and blind vias :

Drill report for holes from layer Back to layer Inner_L1

total holes count 0


Drill report for holes from layer Inner_L1 to layer Inner_L2

total holes count 0


Drill report for holes from layer Inner_L2 to layer Front

total holes count 0


